> Task :compileJava UP-TO-DATE
> Task :processResources
> Task :classes
> Task :bootRunMainClassName

> Task :bootRun
03:16:11.562 [Thread-0] DEBUG org.springframework.boot.devtools.restart.classloader.RestartClassLoader - Created RestartClassLoader org.springframework.boot.devtools.restart.classloader.RestartClassLoader@3a985b65

  .   ____          _            __ _ _
 /\\ / ___'_ __ _ _(_)_ __  __ _ \ \ \ \
( ( )\___ | '_ | '_| | '_ \/ _` | \ \ \ \
 \\/  ___)| |_)| | | | | || (_| |  ) ) ) )
  '  |____| .__|_| |_|_| |_\__, | / / / /
 =========|_|==============|___/=/_/_/_/
 :: Spring Boot ::               (v2.7.18)

2025-04-15 03:16:11.972  INFO 12056 --- [  restartedMain] c.e.t.TournamentServiceApplication       : Starting TournamentServiceApplication using Java 1.8.0_45 on DESKTOP-0742SKA with PID 12056 (D:\IDE\kien-truc-phan-mem-all-in-one\tournament-service\build\classes\java\main started by Acer in D:\IDE\kien-truc-phan-mem-all-in-one\tournament-service)
2025-04-15 03:16:11.972  INFO 12056 --- [  restartedMain] c.e.t.TournamentServiceApplication       : No active profile set, falling back to 1 default profile: "default"
2025-04-15 03:16:12.022  INFO 12056 --- [  restartedMain] .e.DevToolsPropertyDefaultsPostProcessor : Devtools property defaults active! Set 'spring.devtools.add-properties' to 'false' to disable
2025-04-15 03:16:12.022  INFO 12056 --- [  restartedMain] .e.DevToolsPropertyDefaultsPostProcessor : For additional web related logging consider setting the 'logging.level.web' property to 'DEBUG'
2025-04-15 03:16:12.837  INFO 12056 --- [  restartedMain] .s.d.r.c.RepositoryConfigurationDelegate : Bootstrapping Spring Data JPA repositories in DEFAULT mode.
2025-04-15 03:16:12.897  INFO 12056 --- [  restartedMain] .s.d.r.c.RepositoryConfigurationDelegate : Finished Spring Data repository scanning in 48 ms. Found 1 JPA repository interfaces.
2025-04-15 03:16:13.667  INFO 12056 --- [  restartedMain] o.s.b.w.embedded.tomcat.TomcatWebServer  : Tomcat initialized with port(s): 8890 (http)
2025-04-15 03:16:13.672  INFO 12056 --- [  restartedMain] o.apache.catalina.core.StandardService   : Starting service [Tomcat]
2025-04-15 03:16:13.672  INFO 12056 --- [  restartedMain] org.apache.catalina.core.StandardEngine  : Starting Servlet engine: [Apache Tomcat/9.0.83]
2025-04-15 03:16:13.742  INFO 12056 --- [  restartedMain] o.a.c.c.C.[Tomcat].[localhost].[/]       : Initializing Spring embedded WebApplicationContext
2025-04-15 03:16:13.752  INFO 12056 --- [  restartedMain] w.s.c.ServletWebServerApplicationContext : Root WebApplicationContext: initialization completed in 1730 ms
2025-04-15 03:16:13.857  INFO 12056 --- [  restartedMain] o.hibernate.jpa.internal.util.LogHelper  : HHH000204: Processing PersistenceUnitInfo [name: default]
2025-04-15 03:16:13.892  INFO 12056 --- [  restartedMain] org.hibernate.Version                    : HHH000412: Hibernate ORM core version 5.6.15.Final
2025-04-15 03:16:14.072  INFO 12056 --- [  restartedMain] o.hibernate.annotations.common.Version   : HCANN000001: Hibernate Commons Annotations {5.1.2.Final}
2025-04-15 03:16:14.152  INFO 12056 --- [  restartedMain] com.zaxxer.hikari.HikariDataSource       : HikariPool-1 - Starting...
2025-04-15 03:16:14.342  INFO 12056 --- [  restartedMain] com.zaxxer.hikari.HikariDataSource       : HikariPool-1 - Start completed.
2025-04-15 03:16:14.357  INFO 12056 --- [  restartedMain] org.hibernate.dialect.Dialect            : HHH000400: Using dialect: org.hibernate.dialect.MySQL8Dialect
2025-04-15 03:16:14.822  INFO 12056 --- [  restartedMain] o.h.e.t.j.p.i.JtaPlatformInitiator       : HHH000490: Using JtaPlatform implementation: [org.hibernate.engine.transaction.jta.platform.internal.NoJtaPlatform]
2025-04-15 03:16:14.832  INFO 12056 --- [  restartedMain] j.LocalContainerEntityManagerFactoryBean : Initialized JPA EntityManagerFactory for persistence unit 'default'
2025-04-15 03:16:15.132  INFO 12056 --- [  restartedMain] o.s.s.web.DefaultSecurityFilterChain     : Will secure any request with [org.springframework.security.web.session.DisableEncodeUrlFilter@25e6feaa, org.springframework.security.web.context.request.async.WebAsyncManagerIntegrationFilter@47c34ff2, org.springframework.security.web.context.SecurityContextPersistenceFilter@764048c8, org.springframework.security.web.header.HeaderWriterFilter@4832ad0d, org.springframework.security.web.authentication.logout.LogoutFilter@2272f21, com.example.tournamentservice.security.JwtAuthenticationFilter@66313069, org.springframework.security.web.savedrequest.RequestCacheAwareFilter@502146ca, org.springframework.security.web.servletapi.SecurityContextHolderAwareRequestFilter@62f136f7, org.springframework.security.web.authentication.AnonymousAuthenticationFilter@505fbcee, org.springframework.security.web.session.SessionManagementFilter@29158c4e, org.springframework.security.web.access.ExceptionTranslationFilter@56f10659, org.springframework.security.web.access.intercept.FilterSecurityInterceptor@67b384d6]
2025-04-15 03:16:15.252  WARN 12056 --- [  restartedMain] JpaBaseConfiguration$JpaWebConfiguration : spring.jpa.open-in-view is enabled by default. Therefore, database queries may be performed during view rendering. Explicitly configure spring.jpa.open-in-view to disable this warning
2025-04-15 03:16:15.542  WARN 12056 --- [  restartedMain] o.s.b.d.a.OptionalLiveReloadServer       : Unable to start LiveReload server
2025-04-15 03:16:15.552  WARN 12056 --- [  restartedMain] ConfigServletWebServerApplicationContext : Exception encountered during context initialization - cancelling refresh attempt: org.springframework.context.ApplicationContextException: Failed to start bean 'webServerStartStop'; nested exception is org.springframework.boot.web.server.PortInUseException: Port 8890 is already in use
2025-04-15 03:16:15.562  INFO 12056 --- [  restartedMain] j.LocalContainerEntityManagerFactoryBean : Closing JPA EntityManagerFactory for persistence unit 'default'
2025-04-15 03:16:15.562  INFO 12056 --- [  restartedMain] com.zaxxer.hikari.HikariDataSource       : HikariPool-1 - Shutdown initiated...
2025-04-15 03:16:15.562  INFO 12056 --- [  restartedMain] com.zaxxer.hikari.HikariDataSource       : HikariPool-1 - Shutdown completed.
2025-04-15 03:16:15.562  INFO 12056 --- [  restartedMain] o.apache.catalina.core.StandardService   : Stopping service [Tomcat]
2025-04-15 03:16:15.582  INFO 12056 --- [  restartedMain] ConditionEvaluationReportLoggingListener : 

Error starting ApplicationContext. To display the conditions report re-run your application with 'debug' enabled.
2025-04-15 03:16:15.607 ERROR 12056 --- [  restartedMain] o.s.b.d.LoggingFailureAnalysisReporter   : 

***************************
APPLICATION FAILED TO START
***************************

Description:

Web server failed to start. Port 8890 was already in use.

Action:

Identify and stop the process that's listening on port 8890 or configure this application to listen on another port.


[Incubating] Problems report is available at: file:///D:/IDE/kien-truc-phan-mem-all-in-one/tournament-service/build/reports/problems/problems-report.html

Deprecated Gradle features were used in this build, making it incompatible with Gradle 9.0.

You can use '--warning-mode all' to show the individual deprecation warnings and determine if they come from your own scripts or plugins.

For more on this, please refer to https://docs.gradle.org/8.13/userguide/command_line_interface.html#sec:command_line_warnings in the Gradle documentation.

BUILD SUCCESSFUL in 10s
4 actionable tasks: 3 executed, 1 up-to-date
